SF:lib/alphaTestLib/shared/empty.dart
DA:5,1
DA:7,1
DA:9,1
DA:11,1
DA:12,1
DA:13,1
DA:15,1
DA:17,1
DA:22,1
DA:23,1
DA:31,1
DA:32,1
DA:33,1
DA:36,1
DA:38,1
DA:42,1
DA:43,1
DA:45,1
DA:48,1
DA:51,1
DA:54,1
DA:55,1
DA:59,1
DA:61,1
DA:64,1
DA:65,1
DA:67,1
DA:68,1
DA:72,1
DA:73,1
DA:75,1
LF:31
LH:31
end_of_record
SF:lib/alphaTestLib/shared/loading.dart
DA:5,1
DA:7,1
DA:9,1
DA:11,1
DA:12,1
DA:13,1
DA:14,1
LF:7
LH:7
end_of_record
SF:lib/screens/shared/constant.dart
DA:3,4
DA:4,4
DA:5,0
DA:6,2
DA:8,0
DA:9,4
DA:10,0
DA:11,0
DA:12,1
DA:13,3
DA:16,1
DA:17,3
LF:12
LH:8
end_of_record
SF:lib/alphaTestLib/screens/login/signin_screen.dart
DA:9,0
DA:10,0
DA:11,0
DA:18,0
DA:20,0
DA:21,0
DA:25,0
DA:26,0
DA:37,0
DA:39,0
DA:40,0
DA:41,0
DA:44,0
DA:46,0
DA:48,0
DA:49,0
DA:50,0
DA:51,0
DA:53,0
DA:56,0
DA:58,0
DA:60,0
DA:63,0
DA:64,0
DA:65,0
DA:66,0
DA:68,0
DA:69,0
DA:70,0
DA:71,0
DA:72,0
DA:74,0
DA:76,0
DA:77,0
DA:81,0
DA:83,0
DA:85,0
DA:86,0
DA:89,0
DA:90,0
DA:93,0
DA:96,0
DA:97,0
DA:100,0
DA:106,0
DA:108,0
DA:113,0
DA:114,0
DA:122,0
DA:123,0
DA:128,0
DA:130,0
DA:131,0
DA:132,0
DA:134,0
DA:138,0
DA:139,0
DA:142,0
DA:145,0
DA:149,0
DA:152,0
DA:155,0
DA:158,0
DA:163,0
DA:166,0
DA:168,0
DA:169,0
DA:171,0
DA:175,0
DA:179,0
DA:185,0
DA:188,0
DA:189,0
DA:190,0
DA:194,0
DA:196,0
DA:197,0
DA:198,0
DA:202,0
DA:205,0
DA:206,0
DA:207,0
DA:211,0
DA:214,0
DA:218,0
DA:221,0
DA:226,0
DA:229,0
DA:230,0
DA:234,0
DA:237,0
DA:239,0
DA:244,0
DA:245,0
DA:247,0
DA:251,0
DA:255,0
DA:261,0
DA:264,0
DA:265,0
DA:266,0
DA:270,0
DA:272,0
DA:273,0
DA:274,0
DA:278,0
DA:281,0
DA:282,0
DA:283,0
DA:287,0
DA:290,0
DA:293,0
DA:294,0
DA:295,0
DA:296,0
DA:297,0
DA:298,0
DA:300,0
DA:302,0
DA:303,0
DA:309,0
DA:313,0
DA:316,0
DA:319,0
DA:323,0
DA:324,0
DA:328,0
DA:331,0
DA:334,0
DA:335,0
DA:336,0
DA:337,0
DA:338,0
DA:339,0
DA:340,0
DA:341,0
DA:343,0
DA:344,0
DA:346,0
DA:351,0
DA:353,0
DA:355,0
DA:357,0
DA:364,0
DA:366,0
DA:368,0
DA:369,0
LF:147
LH:0
end_of_record
SF:lib/services/auth.dart
DA:8,0
DA:9,0
DA:13,0
DA:14,0
DA:18,0
DA:20,0
DA:21,0
DA:22,0
DA:24,0
DA:26,0
DA:32,0
DA:34,0
DA:36,0
DA:37,0
DA:39,0
DA:45,0
DA:47,0
DA:49,0
DA:50,0
DA:56,0
DA:58,0
DA:60,0
DA:66,0
DA:68,0
DA:70,0
LF:25
LH:0
end_of_record
SF:lib/screens/shared/loading.dart
DA:6,3
DA:8,1
DA:10,1
DA:12,1
DA:13,1
DA:14,1
DA:15,1
LF:7
LH:7
end_of_record
SF:lib/models/user.dart
DA:4,0
LF:1
LH:0
end_of_record
SF:lib/alphaTestLib/screens/login/login_screen.dart
DA:8,1
DA:9,2
DA:17,1
DA:19,1
DA:20,1
DA:26,1
DA:27,1
DA:28,1
DA:33,1
DA:34,1
DA:48,1
DA:50,1
DA:51,3
DA:52,2
DA:55,1
DA:57,1
DA:59,1
DA:60,1
DA:61,1
DA:62,1
DA:64,1
DA:67,1
DA:69,1
DA:71,1
DA:74,1
DA:75,1
DA:77,0
DA:78,0
DA:80,2
DA:81,3
DA:82,0
DA:83,3
DA:84,1
DA:86,1
DA:88,1
DA:89,1
DA:93,1
DA:95,1
DA:97,1
DA:98,1
DA:101,1
DA:102,1
DA:105,1
DA:108,1
DA:109,1
DA:112,1
DA:118,1
DA:120,1
DA:125,1
DA:126,1
DA:134,1
DA:135,1
DA:140,1
DA:142,1
DA:143,1
DA:144,1
DA:146,1
DA:150,1
DA:151,1
DA:155,1
DA:158,1
DA:162,1
DA:166,1
DA:169,1
DA:172,1
DA:177,1
DA:180,1
DA:182,1
DA:184,1
DA:186,1
DA:190,1
DA:194,1
DA:201,1
DA:205,1
DA:207,1
DA:208,1
DA:212,1
DA:216,1
DA:218,1
DA:219,1
DA:223,1
DA:227,1
DA:229,1
DA:230,1
DA:234,1
DA:238,1
DA:242,1
DA:246,1
DA:251,2
DA:254,1
DA:255,3
DA:259,1
DA:262,1
DA:264,1
DA:270,2
DA:271,1
DA:273,1
DA:277,1
DA:281,1
DA:288,1
DA:292,1
DA:294,1
DA:295,1
DA:299,1
DA:303,1
DA:305,1
DA:306,1
DA:310,1
DA:314,1
DA:316,1
DA:317,1
DA:321,1
DA:325,1
DA:328,1
DA:329,0
DA:330,0
DA:331,0
DA:332,0
DA:333,0
DA:335,1
DA:337,1
DA:338,2
DA:344,1
DA:348,1
DA:352,1
DA:355,1
DA:356,2
DA:360,1
DA:361,1
DA:362,2
DA:366,1
DA:369,1
DA:371,1
DA:377,1
DA:378,1
DA:379,1
DA:381,1
DA:385,1
DA:389,1
DA:396,1
DA:400,1
DA:402,1
DA:403,1
DA:407,1
DA:411,1
DA:413,1
DA:414,1
DA:418,1
DA:422,1
DA:424,1
DA:425,1
DA:429,1
DA:433,1
DA:436,1
DA:437,0
DA:438,0
DA:439,0
DA:440,0
DA:441,0
DA:443,1
DA:445,1
DA:446,2
DA:452,1
DA:456,1
DA:460,1
DA:463,1
DA:464,2
DA:468,1
DA:469,2
DA:470,1
DA:474,1
DA:477,1
DA:480,1
DA:482,1
DA:483,2
DA:484,1
DA:485,1
DA:486,1
DA:495,2
DA:496,1
DA:497,1
DA:498,2
DA:499,1
DA:500,1
DA:501,2
DA:503,0
DA:504,0
DA:505,0
DA:510,1
DA:519,1
DA:521,1
DA:524,1
DA:525,1
LF:193
LH:177
end_of_record
