SF:lib/screens/chat_adj.dart
DA:4,0
DA:6,0
DA:7,0
DA:11,0
DA:13,0
DA:14,0
DA:15,0
DA:16,0
DA:17,0
DA:19,0
DA:20,0
DA:23,0
DA:24,0
DA:25,0
DA:26,0
DA:28,0
DA:30,0
DA:36,0
DA:39,0
DA:40,0
DA:42,0
DA:47,0
DA:48,0
DA:49,0
DA:50,0
DA:53,0
DA:55,0
DA:56,0
DA:58,0
DA:59,0
DA:62,0
DA:64,0
DA:65,0
DA:66,0
DA:69,0
DA:70,0
DA:72,0
DA:73,0
DA:75,0
DA:77,0
DA:83,0
DA:85,0
DA:86,0
DA:88,0
DA:90,0
DA:101,0
DA:102,0
DA:103,0
DA:106,0
DA:108,0
DA:109,0
DA:111,0
DA:112,0
DA:115,0
DA:117,0
DA:118,0
DA:119,0
DA:122,0
DA:123,0
DA:125,0
DA:126,0
DA:128,0
DA:130,0
DA:136,0
DA:138,0
DA:139,0
DA:141,0
DA:143,0
DA:154,0
DA:155,0
DA:156,0
DA:159,0
DA:161,0
DA:162,0
DA:164,0
DA:165,0
DA:168,0
DA:170,0
DA:171,0
DA:172,0
DA:175,0
DA:176,0
DA:178,0
DA:179,0
DA:181,0
DA:183,0
DA:189,0
DA:191,0
DA:192,0
DA:194,0
DA:196,0
DA:210,0
DA:211,0
DA:212,0
DA:214,0
DA:216,0
DA:222,0
DA:223,0
DA:224,0
DA:229,0
DA:230,0
DA:231,0
DA:232,0
DA:235,0
DA:237,0
DA:238,0
DA:240,0
DA:241,0
DA:244,0
DA:246,0
DA:247,0
DA:248,0
DA:251,0
DA:252,0
DA:253,0
DA:255,0
DA:256,0
DA:260,0
DA:261,0
DA:263,0
DA:265,0
DA:270,0
DA:272,0
DA:273,0
DA:275,0
DA:277,0
DA:279,0
DA:281,0
DA:298,0
DA:299,0
DA:300,0
DA:303,0
DA:305,0
DA:306,0
DA:308,0
DA:309,0
DA:312,0
DA:314,0
DA:315,0
DA:316,0
DA:319,0
DA:320,0
DA:321,0
DA:323,0
DA:324,0
DA:328,0
DA:329,0
DA:331,0
DA:333,0
DA:338,0
DA:340,0
DA:341,0
DA:343,0
DA:345,0
DA:347,0
DA:349,0
LF:156
LH:0
end_of_record
SF:lib/alphaTestLib/screens/login/login_screen.dart
DA:7,1
DA:8,2
DA:16,1
DA:18,1
DA:19,1
DA:25,1
DA:26,1
DA:27,1
DA:32,1
DA:33,1
DA:47,1
DA:49,1
DA:50,3
DA:51,2
DA:54,1
DA:56,1
DA:58,1
DA:60,1
DA:72,1
DA:73,1
DA:74,1
DA:75,0
DA:76,0
DA:87,1
DA:89,1
DA:91,1
DA:92,1
DA:95,1
DA:96,1
DA:99,1
DA:102,1
DA:103,1
DA:106,1
DA:112,1
DA:114,1
DA:119,1
DA:128,1
DA:129,1
DA:134,1
DA:136,1
DA:137,1
DA:138,1
DA:140,1
DA:144,1
DA:171,1
DA:174,1
DA:176,1
DA:177,1
DA:178,1
DA:188,1
DA:195,1
DA:199,1
DA:206,1
DA:210,1
DA:217,1
DA:221,1
DA:228,1
DA:234,1
DA:245,2
DA:248,1
DA:249,3
DA:253,1
DA:256,1
DA:258,1
DA:259,1
DA:260,1
DA:264,2
DA:265,1
DA:275,1
DA:282,1
DA:286,1
DA:293,1
DA:297,1
DA:304,1
DA:308,1
DA:315,1
DA:322,1
DA:323,0
DA:324,0
DA:325,0
DA:326,0
DA:327,0
DA:329,1
DA:331,1
DA:332,2
DA:337,1
DA:349,1
DA:350,2
DA:354,1
DA:355,1
DA:356,2
DA:360,1
DA:363,1
DA:365,1
DA:366,1
DA:368,1
DA:371,1
DA:372,1
DA:373,1
DA:383,1
DA:390,1
DA:394,1
DA:401,1
DA:405,1
DA:412,1
DA:416,1
DA:423,1
DA:429,1
DA:430,1
DA:431,0
DA:432,0
DA:433,0
DA:434,0
DA:435,0
DA:437,1
DA:439,1
DA:440,2
DA:445,1
DA:457,1
DA:458,2
DA:462,1
DA:463,2
DA:464,1
DA:468,1
DA:471,1
DA:474,1
DA:475,1
DA:476,1
DA:477,2
DA:478,1
DA:479,1
DA:480,1
DA:489,2
DA:490,1
DA:491,1
DA:492,2
DA:493,1
DA:494,1
DA:495,2
DA:497,0
DA:498,0
DA:499,0
DA:504,1
LF:143
LH:128
end_of_record
SF:lib/services/auth.dart
DA:8,0
DA:9,0
DA:13,0
DA:14,0
DA:18,0
DA:20,0
DA:21,0
DA:22,0
DA:24,0
DA:26,0
DA:32,0
DA:34,0
DA:36,0
DA:37,0
DA:39,0
DA:45,0
DA:47,0
DA:49,0
DA:50,0
DA:56,0
DA:58,0
DA:60,0
DA:66,0
DA:68,0
DA:70,0
LF:25
LH:0
end_of_record
SF:lib/shared/loading.dart
DA:5,1
DA:7,1
DA:9,1
DA:11,1
DA:12,1
DA:13,1
LF:6
LH:6
end_of_record
SF:lib/models/user.dart
DA:4,0
LF:1
LH:0
end_of_record
